<?xml version="1.0" encoding="UTF-8"?>
<!-- Generated by org.testng.reporters.JUnitReportReporter -->
<testsuite hostname="Shivanagayya" failures="0" tests="1" name="testautomation.apitesting.tests.PostAPIRequestPojoMethods" time="9.578" errors="0" timestamp="2023-10-25T11:58:34 IST" skipped="0">
  <testcase classname="testautomation.apitesting.tests.PostAPIRequestPojoMethods" name="PostAPIRequest" time="9.578"/>
  <system-out/>
</testsuite> <!-- testautomation.apitesting.tests.PostAPIRequestPojoMethods -->
