<?xml version="1.0" encoding="UTF-8"?>
<!-- Generated by org.testng.reporters.JUnitReportReporter -->
<testsuite hostname="Shivanagayya" failures="0" tests="1" name="testautomation.apitesting.tests.PostAPIRequest" time="3.480" errors="0" timestamp="2023-10-25T11:58:34 IST" skipped="0">
  <testcase classname="testautomation.apitesting.tests.PostAPIRequest" name="createBooking" time="3.480"/>
  <system-out/>
</testsuite> <!-- testautomation.apitesting.tests.PostAPIRequest -->
