<?xml version="1.0" encoding="UTF-8"?>
<!-- Generated by org.testng.reporters.JUnitReportReporter -->
<testsuite hostname="Shivanagayya" failures="0" tests="1" name="testautomation.apitesting.tests.GetAPIRequest" time="1.570" errors="0" timestamp="2023-10-25T12:25:58 IST" skipped="0">
  <testcase classname="testautomation.apitesting.tests.GetAPIRequest" name="getAllbookings" time="1.570"/>
</testsuite> <!-- testautomation.apitesting.tests.GetAPIRequest -->
