<?xml version="1.0" encoding="UTF-8"?>
<!-- Generated by org.testng.reporters.JUnitReportReporter -->
<testsuite hostname="Shivanagayya" failures="0" tests="1" name="testautomation.apitesting.tests.PostAPIRequestPojoMethods" time="8.322" errors="0" timestamp="2023-10-25T12:25:58 IST" skipped="0">
  <testcase classname="testautomation.apitesting.tests.PostAPIRequestPojoMethods" name="PostAPIRequest" time="8.322"/>
</testsuite> <!-- testautomation.apitesting.tests.PostAPIRequestPojoMethods -->
